0 info it worked if it ends with ok
1 verbose cli [ 'node', '/usr/local/bin/npm', 'install', '-g', 'gulp-install' ]
2 info using npm@1.4.28
3 info using node@v0.10.33
4 verbose cache add [ 'gulp-install', null ]
5 verbose cache add name=undefined spec="gulp-install" args=["gulp-install",null]
6 verbose parsed url { protocol: null,
6 verbose parsed url   slashes: null,
6 verbose parsed url   auth: null,
6 verbose parsed url   host: null,
6 verbose parsed url   port: null,
6 verbose parsed url   hostname: null,
6 verbose parsed url   hash: null,
6 verbose parsed url   search: null,
6 verbose parsed url   query: null,
6 verbose parsed url   pathname: 'gulp-install',
6 verbose parsed url   path: 'gulp-install',
6 verbose parsed url   href: 'gulp-install' }
7 silly lockFile cbb2bd0f-gulp-install gulp-install
8 verbose lock gulp-install /Users/nelson/.npm/cbb2bd0f-gulp-install.lock
9 silly lockFile cbb2bd0f-gulp-install gulp-install
10 silly lockFile cbb2bd0f-gulp-install gulp-install
11 verbose addNamed [ 'gulp-install', '' ]
12 verbose addNamed [ null, '*' ]
13 silly lockFile 014e2617-gulp-install gulp-install@
14 verbose lock gulp-install@ /Users/nelson/.npm/014e2617-gulp-install.lock
15 silly addNameRange { name: 'gulp-install', range: '*', hasData: false }
16 verbose request where is /gulp-install
17 verbose request registry https://registry.npmjs.org/
18 verbose request id 88774906bd5dc706
19 verbose url raw /gulp-install
20 verbose url resolving [ 'https://registry.npmjs.org/', './gulp-install' ]
21 verbose url resolved https://registry.npmjs.org/gulp-install
22 verbose request where is https://registry.npmjs.org/gulp-install
23 info trying registry request attempt 1 at 17:04:23
24 http GET https://registry.npmjs.org/gulp-install
25 http 200 https://registry.npmjs.org/gulp-install
26 silly registry.get cb [ 200,
26 silly registry.get   { date: 'Sat, 29 Nov 2014 17:04:24 GMT',
26 silly registry.get     server: 'CouchDB/1.5.0 (Erlang OTP/R16B03)',
26 silly registry.get     etag: '"EWCI5ZLK4K9WP2PTL2JFIPE6D"',
26 silly registry.get     'content-type': 'application/json',
26 silly registry.get     'cache-control': 'max-age=60',
26 silly registry.get     'content-length': '11847',
26 silly registry.get     'accept-ranges': 'bytes',
26 silly registry.get     via: '1.1 varnish',
26 silly registry.get     age: '0',
26 silly registry.get     'x-served-by': 'cache-lcy1121-LCY',
26 silly registry.get     'x-cache': 'MISS',
26 silly registry.get     'x-cache-hits': '0',
26 silly registry.get     'x-timer': 'S1417280664.628147,VS0,VE160',
26 silly registry.get     vary: 'Accept',
26 silly registry.get     'keep-alive': 'timeout=10, max=50',
26 silly registry.get     connection: 'Keep-Alive' } ]
27 silly addNameRange number 2 { name: 'gulp-install', range: '*', hasData: true }
28 silly addNameRange versions [ 'gulp-install',
28 silly addNameRange   [ '0.1.1',
28 silly addNameRange     '0.1.3',
28 silly addNameRange     '0.1.4',
28 silly addNameRange     '0.1.5',
28 silly addNameRange     '0.1.6',
28 silly addNameRange     '0.1.7',
28 silly addNameRange     '0.1.8',
28 silly addNameRange     '0.2.0' ] ]
29 verbose addNamed [ 'gulp-install', '0.2.0' ]
30 verbose addNamed [ '0.2.0', '0.2.0' ]
31 silly lockFile 55ce3d01-gulp-install-0-2-0 gulp-install@0.2.0
32 verbose lock gulp-install@0.2.0 /Users/nelson/.npm/55ce3d01-gulp-install-0-2-0.lock
33 silly lockFile 48263fdc-p-install-gulp-install-0-2-0-tgz https://registry.npmjs.org/gulp-install/-/gulp-install-0.2.0.tgz
34 verbose lock https://registry.npmjs.org/gulp-install/-/gulp-install-0.2.0.tgz /Users/nelson/.npm/48263fdc-p-install-gulp-install-0-2-0-tgz.lock
35 verbose addRemoteTarball [ 'https://registry.npmjs.org/gulp-install/-/gulp-install-0.2.0.tgz',
35 verbose addRemoteTarball   '0b22faf4b715064d43f66bf768469d53cf3ff018' ]
36 info retry fetch attempt 1 at 17:04:24
37 verbose fetch to= /var/folders/q1/hdm0t_9d6hz58t5l6gzpzy880000gn/T/npm-2339-oxChOGgn/registry.npmjs.org/gulp-install/-/gulp-install-0.2.0.tgz
38 http GET https://registry.npmjs.org/gulp-install/-/gulp-install-0.2.0.tgz
39 http 200 https://registry.npmjs.org/gulp-install/-/gulp-install-0.2.0.tgz
40 silly lockFile 48263fdc-p-install-gulp-install-0-2-0-tgz https://registry.npmjs.org/gulp-install/-/gulp-install-0.2.0.tgz
41 silly lockFile 48263fdc-p-install-gulp-install-0-2-0-tgz https://registry.npmjs.org/gulp-install/-/gulp-install-0.2.0.tgz
42 silly lockFile 55ce3d01-gulp-install-0-2-0 gulp-install@0.2.0
43 silly lockFile 55ce3d01-gulp-install-0-2-0 gulp-install@0.2.0
44 silly lockFile 014e2617-gulp-install gulp-install@
45 silly lockFile 014e2617-gulp-install gulp-install@
46 silly resolved [ { name: 'gulp-install',
46 silly resolved     version: '0.2.0',
46 silly resolved     description: 'Automatically install npm and bower packages if package.json or bower.json is found in the gulp file stream respectively',
46 silly resolved     main: 'index.js',
46 silly resolved     scripts: { test: 'NODE_ENV=test mocha -R spec' },
46 silly resolved     repository: { type: 'git', url: 'git://github.com/slushjs/gulp-install' },
46 silly resolved     keywords: [ 'gulpplugin', 'bower', 'npm', 'install' ],
46 silly resolved     author: { name: 'Joakim Bengtson', email: 'joakim@klei.se' },
46 silly resolved     license: 'MIT',
46 silly resolved     bugs: { url: 'https://github.com/slushjs/gulp-install/issues' },
46 silly resolved     homepage: 'https://github.com/slushjs/gulp-install',
46 silly resolved     dependencies: { through2: '^0.4.1', 'gulp-util': '^2.2.14', which: '^1.0.5' },
46 silly resolved     devDependencies: { chai: '^1.9.0', mocha: '^1.18.2' },
46 silly resolved     _id: 'gulp-install@0.2.0',
46 silly resolved     dist:
46 silly resolved      { shasum: '0b22faf4b715064d43f66bf768469d53cf3ff018',
46 silly resolved        tarball: 'http://registry.npmjs.org/gulp-install/-/gulp-install-0.2.0.tgz' },
46 silly resolved     _from: 'gulp-install@',
46 silly resolved     _npmVersion: '1.3.17',
46 silly resolved     _npmUser: { name: 'joakimbeng', email: 'joakim@klei.se' },
46 silly resolved     maintainers: [ [Object] ],
46 silly resolved     directories: {},
46 silly resolved     _shasum: '0b22faf4b715064d43f66bf768469d53cf3ff018',
46 silly resolved     _resolved: 'https://registry.npmjs.org/gulp-install/-/gulp-install-0.2.0.tgz' } ]
47 info install gulp-install@0.2.0 into /usr/local/lib
48 info installOne gulp-install@0.2.0
49 verbose lib/node_modules/gulp-install unbuild
50 verbose tar unpack /Users/nelson/.npm/gulp-install/0.2.0/package.tgz
51 silly lockFile c4226a14-al-lib-node-modules-gulp-install tar:///usr/local/lib/node_modules/gulp-install
52 verbose lock tar:///usr/local/lib/node_modules/gulp-install /Users/nelson/.npm/c4226a14-al-lib-node-modules-gulp-install.lock
53 silly lockFile 5a60721c-m-gulp-install-0-2-0-package-tgz tar:///Users/nelson/.npm/gulp-install/0.2.0/package.tgz
54 verbose lock tar:///Users/nelson/.npm/gulp-install/0.2.0/package.tgz /Users/nelson/.npm/5a60721c-m-gulp-install-0-2-0-package-tgz.lock
55 silly gunzTarPerm modes [ '755', '644' ]
56 error Error: EACCES, mkdir '/usr/local/lib/node_modules/gulp-install'
56 error  { [Error: EACCES, mkdir '/usr/local/lib/node_modules/gulp-install']
56 error   errno: 3,
56 error   code: 'EACCES',
56 error   path: '/usr/local/lib/node_modules/gulp-install',
56 error   fstream_type: 'Directory',
56 error   fstream_path: '/usr/local/lib/node_modules/gulp-install',
56 error   fstream_class: 'DirWriter',
56 error   fstream_stack:
56 error    [ '/usr/local/lib/node_modules/npm/node_modules/fstream/lib/dir-writer.js:36:23',
56 error      '/usr/local/lib/node_modules/npm/node_modules/mkdirp/index.js:46:53',
56 error      'Object.oncomplete (fs.js:107:15)' ] }
57 error Please try running this command again as root/Administrator.
58 error System Darwin 14.0.0
59 error command "node" "/usr/local/bin/npm" "install" "-g" "gulp-install"
60 error cwd /Users/nelson/Sites/myApp
61 error node -v v0.10.33
62 error npm -v 1.4.28
63 error path /usr/local/lib/node_modules/gulp-install
64 error fstream_path /usr/local/lib/node_modules/gulp-install
65 error fstream_type Directory
66 error fstream_class DirWriter
67 error code EACCES
68 error errno 3
69 error stack Error: EACCES, mkdir '/usr/local/lib/node_modules/gulp-install'
70 error fstream_stack /usr/local/lib/node_modules/npm/node_modules/fstream/lib/dir-writer.js:36:23
70 error fstream_stack /usr/local/lib/node_modules/npm/node_modules/mkdirp/index.js:46:53
70 error fstream_stack Object.oncomplete (fs.js:107:15)
71 verbose exit [ 3, true ]
